<?xml version="1.0" encoding="UTF-8"?>
<!-- Generated by org.testng.reporters.JUnitReportReporter -->
<testsuite name="testcases.TC_001" tests="1" time="20.317" ignored="0" failures="0" timestamp="03 Jan 2018 23:56:53 GMT" skipped="0" hostname="Lenovo-PC" errors="0">
  <testcase name="testcase1" time="20.317" classname="testcases.TC_001"/>
</testsuite> <!-- testcases.TC_001 -->
